<?xml version="1.0" encoding="UTF-8"?>
<!-- Generated by org.testng.reporters.JUnitReportReporter -->
<testsuite hostname="DESKTOP-7GC1PIP" failures="0" tests="2" name="com.post.App_test" time="0.016" errors="0" timestamp="2022-10-15T19:42:39 IST" skipped="0">
  <testcase classname="com.post.App_test" name="testlogin2" time="0.001"/>
  <system-out/>
  <testcase classname="com.post.App_test" name="testlogin1" time="0.015"/>
  <system-out/>
</testsuite> <!-- com.post.App_test -->
