<?xml version="1.0" encoding="UTF-8"?>
<!-- Generated by org.testng.reporters.JUnitReportReporter -->
<testsuite hostname="DESKTOP-7GC1PIP" failures="0" tests="1" name="SampleTestNG.Testcases.SendMails" time="0.011" errors="0" timestamp="2022-10-14T11:07:58 IST" skipped="0">
  <testcase classname="SampleTestNG.Testcases.SendMails" name="Sendmail" time="0.011"/>
  <system-out/>
</testsuite> <!-- SampleTestNG.Testcases.SendMails -->
