<?xml version="1.0" encoding="UTF-8"?>
<!-- Generated by org.testng.reporters.JUnitReportReporter -->
<testsuite hostname="DESKTOP-7GC1PIP" failures="0" tests="1" name="com.ppt.CheckboxAndRadiobuttton_appium" time="22.002" errors="0" timestamp="2023-02-06T17:29:39 IST" skipped="0">
  <testcase classname="com.ppt.CheckboxAndRadiobuttton_appium" name="main1" time="22.002"/>
  <system-out/>
</testsuite> <!-- com.ppt.CheckboxAndRadiobuttton_appium -->
