<?xml version="1.0" encoding="UTF-8"?>
<!-- Generated by org.testng.reporters.JUnitReportReporter -->
<testsuite hostname="DESKTOP-7GC1PIP" failures="0" tests="1" name="com.ppt.dynamictable" time="15.415" errors="0" timestamp="2023-01-09T15:58:10 IST" skipped="0">
  <testcase classname="com.ppt.dynamictable" name="Downloadfile" time="15.415"/>
  <system-out/>
</testsuite> <!-- com.ppt.dynamictable -->
