<?xml version="1.0" encoding="UTF-8"?>
<!-- Generated by org.testng.reporters.JUnitReportReporter -->
<testsuite hostname="DESKTOP-7GC1PIP" failures="0" tests="1" name="com.excel.Readallthedata_fromexcel" time="0.478" errors="0" timestamp="2022-11-09T12:52:20 IST" skipped="0">
  <testcase classname="com.excel.Readallthedata_fromexcel" name="dataReadTest" time="0.478"/>
  <system-out/>
</testsuite> <!-- com.excel.Readallthedata_fromexcel -->
