<?xml version="1.0" encoding="UTF-8"?>
<!-- Generated by org.testng.reporters.JUnitReportReporter -->
<testsuite hostname="DESKTOP-7GC1PIP" failures="0" tests="1" name="com.ppt.Appium_DragAndDrop" time="208.542" errors="0" timestamp="2023-04-04T11:31:07 IST" skipped="0">
  <testcase classname="com.ppt.Appium_DragAndDrop" name="main1" time="208.542"/>
  <system-out/>
</testsuite> <!-- com.ppt.Appium_DragAndDrop -->
