<?xml version="1.0" encoding="UTF-8"?>
<!-- Generated by org.testng.reporters.JUnitReportReporter -->
<testsuite hostname="DESKTOP-7GC1PIP" failures="0" tests="1" name="com.ppt.Appium_Calculator" time="172.548" errors="0" timestamp="2023-04-03T18:16:33 IST" skipped="0">
  <testcase classname="com.ppt.Appium_Calculator" name="main1" time="172.548"/>
  <system-out/>
</testsuite> <!-- com.ppt.Appium_Calculator -->
