<?xml version="1.0" encoding="UTF-8"?>
<!-- Generated by org.testng.reporters.JUnitReportReporter -->
<testsuite hostname="DESKTOP-7GC1PIP" failures="0" tests="1" name="com.excel.Excelinput" time="12.399" errors="0" timestamp="2022-11-10T11:47:30 IST" skipped="0">
  <testcase classname="com.excel.Excelinput" name="Fileupload2" time="12.399"/>
  <system-out/>
</testsuite> <!-- com.excel.Excelinput -->
