<?xml version="1.0" encoding="UTF-8"?>
<!-- Generated by org.testng.reporters.JUnitReportReporter -->
<testsuite hostname="DESKTOP-7GC1PIP" failures="0" tests="1" name="com.ppt.Mobiletesting_Callcheck" time="19.473" errors="0" timestamp="2023-02-01T16:29:20 IST" skipped="0">
  <testcase classname="com.ppt.Mobiletesting_Callcheck" name="main1" time="19.473"/>
  <system-out/>
</testsuite> <!-- com.ppt.Mobiletesting_Callcheck -->
