<?xml version="1.0" encoding="UTF-8"?>
<!-- Generated by org.testng.reporters.JUnitReportReporter -->
<testsuite hostname="DESKTOP-7GC1PIP" failures="0" tests="1" name="com.ppt.Writedata_fromexcelsheet" time="0.806" errors="0" timestamp="2022-10-21T18:00:27 IST" skipped="0">
  <testcase classname="com.ppt.Writedata_fromexcelsheet" name="File_write" time="0.806"/>
  <system-out/>
</testsuite> <!-- com.ppt.Writedata_fromexcelsheet -->
