<?xml version="1.0" encoding="UTF-8"?>
<!-- Generated by org.testng.reporters.JUnitReportReporter -->
<testsuite hostname="DESKTOP-7GC1PIP" failures="0" tests="1" name="com.ppt.SystemTime" time="0.029" errors="0" timestamp="2022-12-16T14:44:10 IST" skipped="0">
  <testcase classname="com.ppt.SystemTime" name="GetDateAndTime" time="0.029"/>
  <system-out/>
</testsuite> <!-- com.ppt.SystemTime -->
