<?xml version="1.0" encoding="UTF-8"?>
<!-- Generated by org.testng.reporters.JUnitReportReporter -->
<testsuite hostname="DESKTOP-7GC1PIP" failures="0" tests="1" name="com.excel.read_onerowdata" time="0.641" errors="0" timestamp="2022-11-10T11:49:01 IST" skipped="0">
  <testcase classname="com.excel.read_onerowdata" name="dataReadTest" time="0.641"/>
  <system-out/>
</testsuite> <!-- com.excel.read_onerowdata -->
