<?xml version="1.0" encoding="UTF-8"?>
<!-- Generated by org.testng.reporters.JUnitReportReporter -->
<testsuite hostname="DESKTOP-7GC1PIP" failures="0" tests="1" name="com.ppt.Windowhandle" time="9.759" errors="0" timestamp="2022-12-19T11:36:11 IST" skipped="0">
  <testcase classname="com.ppt.Windowhandle" name="Handlewindow" time="9.759"/>
  <system-out/>
</testsuite> <!-- com.ppt.Windowhandle -->
