<?xml version="1.0" encoding="UTF-8"?>
<!-- Generated by org.testng.reporters.JUnitReportReporter -->
<testsuite hostname="DESKTOP-7GC1PIP" failures="0" tests="2" name="com.ppt.Login_test" time="0.013" errors="0" timestamp="2022-10-19T10:48:43 IST" skipped="0">
  <testcase classname="com.ppt.Login_test" name="testlogin2" time="0.001"/>
  <system-out/>
  <testcase classname="com.ppt.Login_test" name="testlogin1" time="0.012"/>
  <system-out/>
</testsuite> <!-- com.ppt.Login_test -->
