<?xml version="1.0" encoding="UTF-8"?>
<!-- Generated by org.testng.reporters.JUnitReportReporter -->
<testsuite hostname="DESKTOP-7GC1PIP" failures="0" tests="1" name="com.ppt.Filedownload" time="5.936" errors="0" timestamp="2022-12-16T13:15:24 IST" skipped="0">
  <testcase classname="com.ppt.Filedownload" name="Downloadfile" time="5.936"/>
  <system-out/>
</testsuite> <!-- com.ppt.Filedownload -->
