<?xml version="1.0" encoding="UTF-8"?>
<!-- Generated by org.testng.reporters.JUnitReportReporter -->
<testsuite hostname="DESKTOP-7GC1PIP" failures="0" tests="1" name="com.ppt.Readdata_fromexcel" time="0.491" errors="0" timestamp="2022-10-23T20:05:01 IST" skipped="0">
  <testcase classname="com.ppt.Readdata_fromexcel" name="Read_data" time="0.491"/>
  <system-out/>
</testsuite> <!-- com.ppt.Readdata_fromexcel -->
