<?xml version="1.0" encoding="UTF-8"?>
<!-- Generated by org.testng.reporters.JUnitReportReporter -->
<testsuite hostname="DESKTOP-7GC1PIP" failures="0" tests="1" name="com.ppt.Fileupload" time="24.444" errors="0" timestamp="2023-01-17T13:25:22 IST" skipped="0">
  <testcase classname="com.ppt.Fileupload" name="Uploadfile" time="24.444"/>
  <system-out/>
</testsuite> <!-- com.ppt.Fileupload -->
