<?xml version="1.0" encoding="UTF-8"?>
<!-- Generated by org.testng.reporters.JUnitReportReporter -->
<testsuite hostname="DESKTOP-7GC1PIP" failures="0" tests="1" name="com.ppt.Appium_SendSMS" time="129.837" errors="0" timestamp="2023-04-04T11:36:45 IST" skipped="0">
  <testcase classname="com.ppt.Appium_SendSMS" name="main1" time="129.837"/>
  <system-out/>
</testsuite> <!-- com.ppt.Appium_SendSMS -->
