<?xml version="1.0" encoding="UTF-8"?>
<!-- Generated by org.testng.reporters.JUnitReportReporter -->
<testsuite hostname="DESKTOP-7GC1PIP" failures="0" tests="3" name="Datadriven_testing.Datadriven" time="28.022" errors="0" timestamp="2022-10-31T18:28:07 IST" skipped="0">
  <testcase classname="Datadriven_testing.Datadriven" name="login" time="10.330"/>
  <system-out/>
  <testcase classname="Datadriven_testing.Datadriven" name="login" time="9.083"/>
  <system-out/>
  <testcase classname="Datadriven_testing.Datadriven" name="login" time="8.609"/>
  <system-out/>
</testsuite> <!-- Datadriven_testing.Datadriven -->
