<?xml version="1.0" encoding="UTF-8"?>
<!-- Generated by org.testng.reporters.JUnitReportReporter -->
<testsuite hostname="DESKTOP-7GC1PIP" failures="0" tests="1" name="simpleproject.Test_project" time="10.114" errors="0" timestamp="2022-11-01T18:29:24 IST" skipped="0">
  <testcase classname="simpleproject.Test_project" name="Register_page" time="10.114"/>
  <system-out/>
</testsuite> <!-- simpleproject.Test_project -->
